<?xml version="1.0" encoding="UTF-8"?>
<!-- Generated by org.testng.reporters.JUnitReportReporter -->
<testsuite hostname="DESKTOP-QS57T73" failures="0" tests="3" name="listeners.ListenerTestCheck" time="0.012" errors="0" timestamp="2021-03-19T10:57:38 IST" skipped="1">
  <testcase classname="listeners.ListenerTestCheck" name="test2" time="0.002"/>
  <system-out/>
  <testcase classname="listeners.ListenerTestCheck" name="test1" time="0.010"/>
  <system-out/>
  <testcase classname="listeners.ListenerTestCheck" name="test3">
    <skipped/>
  </testcase> <!-- test3 -->
  <system-out/>
</testsuite> <!-- listeners.ListenerTestCheck -->
