<?xml version="1.0" encoding="UTF-8"?>
<!-- Generated by org.testng.reporters.JUnitReportReporter -->
<testsuite hostname="DESKTOP-QS57T73" failures="0" tests="4" name="test.PageObjectTest" time="11.842" errors="0" timestamp="2021-03-19T09:44:49 IST" skipped="0">
  <testcase classname="test.PageObjectTest" name="LaunchURL" time="2.309"/>
  <system-out/>
  <testcase classname="test.PageObjectTest" name="filterEmpDetail" time="0.561"/>
  <system-out/>
  <testcase classname="test.PageObjectTest" name="selectEmpDept" time="3.886"/>
  <system-out/>
  <testcase classname="test.PageObjectTest" name="ReportGeneration" time="5.086"/>
  <system-out/>
</testsuite> <!-- test.PageObjectTest -->
