<?xml version="1.0" encoding="UTF-8"?>
<!-- Generated by org.testng.reporters.JUnitReportReporter -->
<testsuite hostname="DESKTOP-QS57T73" failures="0" tests="1" name="test.TestNG_test" time="7.369" errors="0" timestamp="2021-03-19T00:04:50 IST" skipped="0">
  <testcase classname="test.TestNG_test" name="GooglePagePFTest" time="7.369"/>
  <system-out/>
</testsuite> <!-- test.TestNG_test -->
